============================= test session starts =============================
platform linux -- Python 3.12.6, pytest-8.0.0
rootdir: /home/runner/work/myproject
collected 5 items

tests/test_auth.py .
tests/test_api.py F

================================== FAILURES ===================================
__________________________________ test_login __________________________________

    def test_login():
        client = TestClient(app)
>       response = client.post("/login", json={"user": "admin"})
        assert response.status_code == 200
E       AssertionError: assert 404 == 200

tests/test_api.py:28: AssertionError
FAILED tests/test_api.py::test_login - AssertionError: assert 404 == 200
=========================== short test summary info ===========================
FAILED tests/test_api.py::test_login - AssertionError: assert 404 == 200
========================= 1 failed, 1 passed in 0.12s =========================
